<?xml version="1.0" encoding="UTF-8"?>
<testng-results ignored="0" total="1" passed="1" failed="0" skipped="0">
  <reporter-output>
    <line>
      <![CDATA[Actual Stock Number :Stock-000000027   Expected Stock Number :Stock-000000027]]>
    </line>
  </reporter-output>
  <suite started-at="2025-01-01T15:08:23 IST" name="Surefire suite" finished-at="2025-01-01T15:08:37 IST" duration-ms="14242">
    <groups>
    </groups>
    <test started-at="2025-01-01T15:08:23 IST" name="Surefire test" finished-at="2025-01-01T15:08:37 IST" duration-ms="14242">
      <class name="driverFactory.AppTest">
        <test-method signature="kickStart()[pri:0, instance:driverFactory.AppTest@59af0466]" started-at="2025-01-01T15:08:23 IST" name="kickStart" finished-at="2025-01-01T15:08:37 IST" duration-ms="14200" status="PASS">
          <reporter-output>
            <line>
              <![CDATA[Actual Stock Number :Stock-000000027   Expected Stock Number :Stock-000000027]]>
            </line>
          </reporter-output>
        </test-method> <!-- kickStart -->
      </class> <!-- driverFactory.AppTest -->
    </test> <!-- Surefire test -->
  </suite> <!-- Surefire suite -->
</testng-results>
