<?xml version="1.0" encoding="UTF-8"?>
<testng-results ignored="0" total="1" passed="1" failed="0" skipped="0">
  <reporter-output>
    <line>
      <![CDATA[Actual Stock Number :Stock-000000028   Expected Stock Number :Stock-000000028]]>
    </line>
  </reporter-output>
  <suite started-at="2025-01-01T17:23:06 IST" name="Default suite" finished-at="2025-01-01T17:23:19 IST" duration-ms="12347">
    <groups>
    </groups>
    <test started-at="2025-01-01T17:23:06 IST" name="Default test" finished-at="2025-01-01T17:23:19 IST" duration-ms="12347">
      <class name="driverFactory.AppTest">
        <test-method signature="kickStart()[pri:0, instance:driverFactory.AppTest@272113c4]" started-at="2025-01-01T17:23:06 IST" name="kickStart" finished-at="2025-01-01T17:23:19 IST" duration-ms="12299" status="PASS">
          <reporter-output>
            <line>
              <![CDATA[Actual Stock Number :Stock-000000028   Expected Stock Number :Stock-000000028]]>
            </line>
          </reporter-output>
        </test-method> <!-- kickStart -->
      </class> <!-- driverFactory.AppTest -->
    </test> <!-- Default test -->
  </suite> <!-- Default suite -->
</testng-results>
